[2025-03-30 16:01:55.524] [recharge-gateway] [middleware] [info] [31679d1dd975] New petition received
[2025-03-30 16:01:55.524] [recharge-gateway] [middleware] [trace] [31679d1dd975] url: /rechargeMobile, method: POST
[2025-03-30 16:01:55.524] [recharge-gateway] [handler] [info] [31679d1dd975] startint to recharge account
[2025-03-30 16:01:55.524] [recharge-gateway] [handler] [trace] [31679d1dd975] starting to get the body of the petition
[2025-03-30 16:01:55.524] [recharge-gateway] [handler] [trace] [31679d1dd975] Body of the petition: <?xml version="1.0" encoding="UTF-8" standalone="yes"?>
<Reload xmlns="http://192.168.3.11/RcrgMyrst/">
    <Prefix></Prefix>
    <Line>77481162</Line>
    <Amount>510</Amount>
    <IdTRN>text57</IdTRN>
    <Product>0</Product>
    <IdDistributor>2</IdDistributor>
    <IdLocation>2</IdLocation>
    <Password>M1x@0r64UruV1tr4!=</Password>
    <IdPOS>0</IdPOS>
</Reload>
[2025-03-30 16:01:55.527] [recharge-gateway] [handler] [trace] [31679d1dd975] mobile: 77481162 match with the regex expression:^\d{8}$
[2025-03-30 16:01:55.527] [recharge-gateway] [handler] [trace] [31679d1dd975] amount:510 check pass
[2025-03-30 16:01:55.527] [recharge-gateway] [handler] [trace] [31679d1dd975] transaction id:text57 check pass
[2025-03-30 16:01:55.527] [recharge-gateway] [client] [info] [31679d1dd975] starting to prepare the call to 'REALIZAR VENTA' whit the number: 77481162, and amount 510
[2025-03-30 16:01:55.532] [recharge-gateway] [client] [trace] [31679d1dd975] petition http created
[2025-03-30 16:01:55.532] [recharge-gateway] [client] [info] [31679d1dd975] Final url : http://americacg.dyndns.org/TEST1_CargaVirtualCore/services/CoreService
[2025-03-30 16:01:55.532] [recharge-gateway] [client] [info] [31679d1dd975] Final BODY: <soapenv:Envelope xmlns:soapenv="http://schemas.xmlsoap.org/soap/envelope/" xmlns:q0="http://service.core.cargavirtual.americacg.com" xmlns:xsd="http://www.w3.org/2001/XMLSchema" xmlns:xsi="http://www.w3.org/2001/XMLSchema-instance">\n	<soapenv:Header></soapenv:Header>\n	<soapenv:Body>\n		<q0:realizarVenta2>\n			<idMayorista>1</idMayorista>\n			<idCliente>10534</idCliente>\n			<usuario>mpagosuy</usuario>\n			<clave>abc123456</clave>\n			<fechaCliente>2025-03-30T18:01:55.532-03:00</fechaCliente>\n			<idTransaccionCliente>text57</idTransaccionCliente>\n			<idProducto>80</idProducto>\n			<importe>510</importe>\n			<caracteristicaTelefono>0</caracteristicaTelefono>\n			<numeroTelefono>0</numeroTelefono>\n			<certificado></certificado>\n			<tipoTRX>ON</tipoTRX>\n			<moneda>UYU</moneda>\n			<idClienteExt></idClienteExt>\n			<identifTerminal></identifTerminal>\n			<saldoDeSubeAntesDeRealizarUnaVenta></saldoDeSubeAntesDeRealizarUnaVenta>\n			<telefonoCompletoOTarjeta>77481162</telefonoCompletoOTarjeta>\n			<prodIdentif></prodIdentif>\n			<prodDatosAdic></prodDatosAdic>\n			<modeloDeTerminal></modeloDeTerminal>\n			<imeiDeSIM></imeiDeSIM>\n			<imeiTerminal></imeiTerminal>\n			<saldoDelCliParaInformarAlOperador>0</saldoDelCliParaInformarAlOperador>\n			<idTipoTerminalParaInformarAlOperador>0</idTipoTerminalParaInformarAlOperador>\n			<descTipoTerminalParaInformarAlOperador></descTipoTerminalParaInformarAlOperador>\n			<hashDeSeguridad></hashDeSeguridad>\n			<sube_idDistribuidorRed></sube_idDistribuidorRed>\n			<canal>IA</canal>\n		</q0:realizarVenta2>\n	</soapenv:Body>\n</soapenv:Envelope>
[2025-03-30 16:01:56.258] [recharge-gateway] [client] [info] [31679d1dd975] Request to 'REALIZAR VENTA' took 725.6057ms
[2025-03-30 16:01:56.258] [recharge-gateway] [client] [info] [31679d1dd975] HTTP Status Response: 200
[2025-03-30 16:01:56.258] [recharge-gateway] [client] [info] [31679d1dd975] RESPONSE BODY: <soap:Envelope xmlns:soap="http://schemas.xmlsoap.org/soap/envelope/" xmlns:xsd="http://www.w3.org/2001/XMLSchema" xmlns:xsi="http://www.w3.org/2001/XMLSchema-instance"><soap:Body><ns1:realizarVenta2Response xmlns:ns1="http://service.core.cargavirtual.americacg.com"><ns1:out><callcenter1 xmlns="http://model.core.cargavirtual.americacg.com" xsi:nil="true"/><callcenter2 xmlns="http://model.core.cargavirtual.americacg.com" xsi:nil="true"/><caracteristicaTelefono xmlns="http://model.core.cargavirtual.americacg.com" xsi:nil="true"/><cat xmlns="http://model.core.cargavirtual.americacg.com" xsi:nil="true"/><descEstadoTransaccion xmlns="http://model.core.cargavirtual.americacg.com" xsi:nil="true"/><descripcionProducto xmlns="http://model.core.cargavirtual.americacg.com" xsi:nil="true"/><encabezado xmlns="http://model.core.cargavirtual.americacg.com" xsi:nil="true"/><error xmlns="http://model.core.cargavirtual.americacg.com"><codigoError>M0131</codigoError><hayError>true</hayError><msgError>El idTransaccionCliente esta duplicado o es incorrecto: |text57|</msgError></error><fecha xmlns="http://model.core.cargavirtual.americacg.com">2025-03-30T18:01:55.247-03:00</fecha><finTicket xmlns="http://model.core.cargavirtual.americacg.com" xsi:nil="true"/><idCliente xmlns="http://model.core.cargavirtual.americacg.com" xsi:nil="true"/><idEstadoTransaccion xmlns="http://model.core.cargavirtual.americacg.com" xsi:nil="true"/><idLlotePin xmlns="http://model.core.cargavirtual.americacg.com" xsi:nil="true"/><idProducto xmlns="http://model.core.cargavirtual.americacg.com" xsi:nil="true"/><idTransaccion xmlns="http://model.core.cargavirtual.americacg.com" xsi:nil="true"/><importe xmlns="http://model.core.cargavirtual.americacg.com" xsi:nil="true"/><importeDestino xmlns="http://model.core.cargavirtual.americacg.com" xsi:nil="true"/><instrucciones xmlns="http://model.core.cargavirtual.americacg.com" xsi:nil="true"/><moneda xmlns="http://model.core.cargavirtual.americacg.com" xsi:nil="true"/><monedaDestino xmlns="http://model.core.cargavirtual.americacg.com" xsi:nil="true"/><numeroTelefono xmlns="http://model.core.cargavirtual.americacg.com" xsi:nil="true"/><pie1 xmlns="http://model.core.cargavirtual.americacg.com" xsi:nil="true"/><pie2 xmlns="http://model.core.cargavirtual.americacg.com" xsi:nil="true"/><pie3 xmlns="http://model.core.cargavirtual.americacg.com" xsi:nil="true"/><pie4 xmlns="http://model.core.cargavirtual.americacg.com" xsi:nil="true"/><pin xmlns="http://model.core.cargavirtual.americacg.com" xsi:nil="true"/><razonSocialCliente xmlns="http://model.core.cargavirtual.americacg.com" xsi:nil="true"/><saldoDisponibleDelCliente xmlns="http://model.core.cargavirtual.americacg.com" xsi:nil="true"/><serie xmlns="http://model.core.cargavirtual.americacg.com" xsi:nil="true"/><tipoOperacion xmlns="http://model.core.cargavirtual.americacg.com" xsi:nil="true"/><usuario xmlns="http://model.core.cargavirtual.americacg.com" xsi:nil="true"/><vigenciaPin xmlns="http://model.core.cargavirtual.americacg.com" xsi:nil="true"/></ns1:out></ns1:realizarVenta2Response></soap:Body></soap:Envelope>
[2025-03-30 16:01:56.259] [recharge-gateway] [client] [error] [31679d1dd975] Recharge failed due to backend error. Code: M0131 | Message: El idTransaccionCliente esta duplicado o es incorrecto: |text57|
[2025-03-30 16:01:56.259] [recharge-gateway] [handler] [info] [31679d1dd975] finish Recharge account
[2025-03-30 16:01:56.259] [recharge-gateway] [middleware] [info] [31679d1dd975] Request took 734.8315ms
[2025-03-30 16:02:08.869] [recharge-gateway] [middleware] [info] [34482342e275] New petition received
[2025-03-30 16:02:08.869] [recharge-gateway] [middleware] [trace] [34482342e275] url: /rechargeMobile, method: POST
[2025-03-30 16:02:08.869] [recharge-gateway] [handler] [info] [34482342e275] startint to recharge account
[2025-03-30 16:02:08.869] [recharge-gateway] [handler] [trace] [34482342e275] starting to get the body of the petition
[2025-03-30 16:02:08.869] [recharge-gateway] [handler] [trace] [34482342e275] Body of the petition: <?xml version="1.0" encoding="UTF-8" standalone="yes"?>
<Reload xmlns="http://192.168.3.11/RcrgMyrst/">
    <Prefix></Prefix>
    <Line>77481162</Line>
    <Amount>510</Amount>
    <IdTRN>text59</IdTRN>
    <Product>0</Product>
    <IdDistributor>2</IdDistributor>
    <IdLocation>2</IdLocation>
    <Password>M1x@0r64UruV1tr4!=</Password>
    <IdPOS>0</IdPOS>
</Reload>
[2025-03-30 16:02:08.869] [recharge-gateway] [handler] [trace] [34482342e275] mobile: 77481162 match with the regex expression:^\d{8}$
[2025-03-30 16:02:08.869] [recharge-gateway] [handler] [trace] [34482342e275] amount:510 check pass
[2025-03-30 16:02:08.869] [recharge-gateway] [handler] [trace] [34482342e275] transaction id:text59 check pass
[2025-03-30 16:02:08.869] [recharge-gateway] [client] [info] [34482342e275] starting to prepare the call to 'REALIZAR VENTA' whit the number: 77481162, and amount 510
[2025-03-30 16:02:08.870] [recharge-gateway] [client] [trace] [34482342e275] petition http created
[2025-03-30 16:02:08.870] [recharge-gateway] [client] [info] [34482342e275] Final url : http://americacg.dyndns.org/TEST1_CargaVirtualCore/services/CoreService
[2025-03-30 16:02:08.870] [recharge-gateway] [client] [info] [34482342e275] Final BODY: <soapenv:Envelope xmlns:soapenv="http://schemas.xmlsoap.org/soap/envelope/" xmlns:q0="http://service.core.cargavirtual.americacg.com" xmlns:xsd="http://www.w3.org/2001/XMLSchema" xmlns:xsi="http://www.w3.org/2001/XMLSchema-instance">\n	<soapenv:Header></soapenv:Header>\n	<soapenv:Body>\n		<q0:realizarVenta2>\n			<idMayorista>1</idMayorista>\n			<idCliente>10534</idCliente>\n			<usuario>mpagosuy</usuario>\n			<clave>abc123456</clave>\n			<fechaCliente>2025-03-30T18:02:08.870-03:00</fechaCliente>\n			<idTransaccionCliente>text59</idTransaccionCliente>\n			<idProducto>80</idProducto>\n			<importe>510</importe>\n			<caracteristicaTelefono>0</caracteristicaTelefono>\n			<numeroTelefono>0</numeroTelefono>\n			<certificado></certificado>\n			<tipoTRX>ON</tipoTRX>\n			<moneda>UYU</moneda>\n			<idClienteExt></idClienteExt>\n			<identifTerminal></identifTerminal>\n			<saldoDeSubeAntesDeRealizarUnaVenta></saldoDeSubeAntesDeRealizarUnaVenta>\n			<telefonoCompletoOTarjeta>77481162</telefonoCompletoOTarjeta>\n			<prodIdentif></prodIdentif>\n			<prodDatosAdic></prodDatosAdic>\n			<modeloDeTerminal></modeloDeTerminal>\n			<imeiDeSIM></imeiDeSIM>\n			<imeiTerminal></imeiTerminal>\n			<saldoDelCliParaInformarAlOperador>0</saldoDelCliParaInformarAlOperador>\n			<idTipoTerminalParaInformarAlOperador>0</idTipoTerminalParaInformarAlOperador>\n			<descTipoTerminalParaInformarAlOperador></descTipoTerminalParaInformarAlOperador>\n			<hashDeSeguridad></hashDeSeguridad>\n			<sube_idDistribuidorRed></sube_idDistribuidorRed>\n			<canal>IA</canal>\n		</q0:realizarVenta2>\n	</soapenv:Body>\n</soapenv:Envelope>
[2025-03-30 16:02:09.686] [recharge-gateway] [client] [info] [34482342e275] Request to 'REALIZAR VENTA' took 816.0639ms
[2025-03-30 16:02:09.686] [recharge-gateway] [client] [info] [34482342e275] HTTP Status Response: 200
[2025-03-30 16:02:09.687] [recharge-gateway] [client] [info] [34482342e275] RESPONSE BODY: <soap:Envelope xmlns:soap="http://schemas.xmlsoap.org/soap/envelope/" xmlns:xsd="http://www.w3.org/2001/XMLSchema" xmlns:xsi="http://www.w3.org/2001/XMLSchema-instance"><soap:Body><ns1:realizarVenta2Response xmlns:ns1="http://service.core.cargavirtual.americacg.com"><ns1:out><callcenter1 xmlns="http://model.core.cargavirtual.americacg.com" xsi:nil="true"/><callcenter2 xmlns="http://model.core.cargavirtual.americacg.com" xsi:nil="true"/><caracteristicaTelefono xmlns="http://model.core.cargavirtual.americacg.com">0</caracteristicaTelefono><cat xmlns="http://model.core.cargavirtual.americacg.com" xsi:nil="true"/><descEstadoTransaccion xmlns="http://model.core.cargavirtual.americacg.com">Aprobada. idTransaccionOperador: (1-62573). idTransaccionProveedor: (30032518025016). Celular: 77481162</descEstadoTransaccion><descripcionProducto xmlns="http://model.core.cargavirtual.americacg.com">Claro UY</descripcionProducto><encabezado xmlns="http://model.core.cargavirtual.americacg.com" xsi:nil="true"/><error xmlns="http://model.core.cargavirtual.americacg.com"><codigoError xsi:nil="true"/><hayError>false</hayError><msgError xsi:nil="true"/></error><fecha xmlns="http://model.core.cargavirtual.americacg.com">2025-03-30T18:02:08.315-03:00</fecha><finTicket xmlns="http://model.core.cargavirtual.americacg.com" xsi:nil="true"/><idCliente xmlns="http://model.core.cargavirtual.americacg.com">10534</idCliente><idEstadoTransaccion xmlns="http://model.core.cargavirtual.americacg.com">M0000</idEstadoTransaccion><idLlotePin xmlns="http://model.core.cargavirtual.americacg.com" xsi:nil="true"/><idProducto xmlns="http://model.core.cargavirtual.americacg.com">80</idProducto><idTransaccion xmlns="http://model.core.cargavirtual.americacg.com">62573</idTransaccion><importe xmlns="http://model.core.cargavirtual.americacg.com">510.0</importe><importeDestino xmlns="http://model.core.cargavirtual.americacg.com">510.0</importeDestino><instrucciones xmlns="http://model.core.cargavirtual.americacg.com" xsi:nil="true"/><moneda xmlns="http://model.core.cargavirtual.americacg.com">UYU</moneda><monedaDestino xmlns="http://model.core.cargavirtual.americacg.com">ARS</monedaDestino><numeroTelefono xmlns="http://model.core.cargavirtual.americacg.com">0</numeroTelefono><pie1 xmlns="http://model.core.cargavirtual.americacg.com" xsi:nil="true"/><pie2 xmlns="http://model.core.cargavirtual.americacg.com" xsi:nil="true"/><pie3 xmlns="http://model.core.cargavirtual.americacg.com" xsi:nil="true"/><pie4 xmlns="http://model.core.cargavirtual.americacg.com" xsi:nil="true"/><pin xmlns="http://model.core.cargavirtual.americacg.com" xsi:nil="true"/><razonSocialCliente xmlns="http://model.core.cargavirtual.americacg.com">MicroPagos UY</razonSocialCliente><saldoDisponibleDelCliente xmlns="http://model.core.cargavirtual.americacg.com">991490.0</saldoDisponibleDelCliente><serie xmlns="http://model.core.cargavirtual.americacg.com" xsi:nil="true"/><tipoOperacion xmlns="http://model.core.cargavirtual.americacg.com">ON</tipoOperacion><usuario xmlns="http://model.core.cargavirtual.americacg.com">mpagosuy</usuario><vigenciaPin xmlns="http://model.core.cargavirtual.americacg.com" xsi:nil="true"/></ns1:out></ns1:realizarVenta2Response></soap:Body></soap:Envelope>
[2025-03-30 16:02:09.687] [recharge-gateway] [client] [info] [34482342e275] Recharge completed successfully. External ID: 62573 | Final user balance: 991490.0
[2025-03-30 16:02:09.687] [recharge-gateway] [handler] [info] [34482342e275] finish Recharge account
[2025-03-30 16:02:09.688] [recharge-gateway] [middleware] [info] [34482342e275] Request took 818.9078ms
[2025-03-30 16:33:34.242] [recharge-gateway] [main] [info] [] closing micropagos message gateway version 1.0.0, received shutdown signal: interrupt,
