[2025-03-30 14:04:02.738] [recharge-gateway] [main] [info] [] closing micropagos message gateway version 1.0.0, received shutdown signal: interrupt,
[2025-03-30 14:04:38.157] [recharge-gateway] [middleware] [info] [9824bcb5b810] New petition received
[2025-03-30 14:04:38.157] [recharge-gateway] [middleware] [trace] [9824bcb5b810] url: /rechargeMobile, method: POST
[2025-03-30 14:04:38.157] [recharge-gateway] [handler] [info] [9824bcb5b810] startint to recharge account
[2025-03-30 14:04:38.157] [recharge-gateway] [handler] [trace] [9824bcb5b810] starting to get the body of the petition
[2025-03-30 14:04:38.158] [recharge-gateway] [handler] [trace] [9824bcb5b810] Body of the petition: <?xml version="1.0" encoding="UTF-8" standalone="yes"?>
<Reload xmlns="http://192.168.3.11/RcrgMyrst/">
    <Prefix></Prefix>
    <Line>77481162</Line>
    <Amount>500</Amount>
    <IdTRN>text30</IdTRN>
    <Product>0</Product>
    <IdDistributor>2</IdDistributor>
    <IdLocation>2</IdLocation>
    <Password>M1x@0r64UruV1tr4!=</Password>
    <IdPOS>0</IdPOS>
</Reload>
[2025-03-30 14:04:38.158] [recharge-gateway] [handler] [trace] [9824bcb5b810] value match with the regex expression
[2025-03-30 14:04:38.158] [recharge-gateway] [handler] [trace] [9824bcb5b810] amount check pass
[2025-03-30 14:04:38.158] [recharge-gateway] [handler] [trace] [9824bcb5b810] transaction id check pass
[2025-03-30 14:04:38.158] [recharge-gateway] [client] [info] [9824bcb5b810] starting to prepare the call to 'REALIZAR VENTA' whit the number: 77481162, and amount 500
[2025-03-30 14:04:38.161] [recharge-gateway] [client] [trace] [9824bcb5b810] petition http created
[2025-03-30 14:04:38.161] [recharge-gateway] [client] [info] [9824bcb5b810] Final url : http://americacg.dyndns.org/TEST1_CargaVirtualCore/services/CoreService
[2025-03-30 14:04:38.161] [recharge-gateway] [client] [info] [9824bcb5b810] Final BODY: <soapenv:Envelope xmlns:soapenv="http://schemas.xmlsoap.org/soap/envelope/" xmlns:q0="http://service.core.cargavirtual.americacg.com" xmlns:xsd="http://www.w3.org/2001/XMLSchema" xmlns:xsi="http://www.w3.org/2001/XMLSchema-instance">\n	<soapenv:Header></soapenv:Header>\n	<soapenv:Body>\n		<q0:realizarVenta2>\n			<idMayorista>1</idMayorista>\n			<idCliente>10534</idCliente>\n			<usuario>mpagosuy</usuario>\n			<clave>abc123456</clave>\n			<fechaCliente>2025-03-30T16:04:38.161-03:00</fechaCliente>\n			<idTransaccionCliente>text30</idTransaccionCliente>\n			<idProducto>80</idProducto>\n			<importe>500</importe>\n			<caracteristicaTelefono>0</caracteristicaTelefono>\n			<numeroTelefono>0</numeroTelefono>\n			<certificado></certificado>\n			<tipoTRX>ON</tipoTRX>\n			<moneda>UYU</moneda>\n			<idClienteExt></idClienteExt>\n			<identifTerminal></identifTerminal>\n			<saldoDeSubeAntesDeRealizarUnaVenta></saldoDeSubeAntesDeRealizarUnaVenta>\n			<telefonoCompletoOTarjeta>77481162</telefonoCompletoOTarjeta>\n			<prodIdentif></prodIdentif>\n			<prodDatosAdic></prodDatosAdic>\n			<modeloDeTerminal></modeloDeTerminal>\n			<imeiDeSIM></imeiDeSIM>\n			<imeiTerminal></imeiTerminal>\n			<saldoDelCliParaInformarAlOperador>0</saldoDelCliParaInformarAlOperador>\n			<idTipoTerminalParaInformarAlOperador>0</idTipoTerminalParaInformarAlOperador>\n			<descTipoTerminalParaInformarAlOperador></descTipoTerminalParaInformarAlOperador>\n			<hashDeSeguridad></hashDeSeguridad>\n			<sube_idDistribuidorRed></sube_idDistribuidorRed>\n			<canal>IA</canal>\n		</q0:realizarVenta2>\n	</soapenv:Body>\n</soapenv:Envelope>
[2025-03-30 14:04:39.526] [recharge-gateway] [client] [info] [9824bcb5b810] Request to 'REALIZAR VENTA' took 1.3644862s
[2025-03-30 14:04:39.528] [recharge-gateway] [client] [info] [9824bcb5b810] HTTP Status Response: 200
[2025-03-30 14:04:39.528] [recharge-gateway] [client] [info] [9824bcb5b810] RESPONSE BODY: <soap:Envelope xmlns:soap="http://schemas.xmlsoap.org/soap/envelope/" xmlns:xsd="http://www.w3.org/2001/XMLSchema" xmlns:xsi="http://www.w3.org/2001/XMLSchema-instance"><soap:Body><ns1:realizarVenta2Response xmlns:ns1="http://service.core.cargavirtual.americacg.com"><ns1:out><callcenter1 xmlns="http://model.core.cargavirtual.americacg.com" xsi:nil="true"/><callcenter2 xmlns="http://model.core.cargavirtual.americacg.com" xsi:nil="true"/><caracteristicaTelefono xmlns="http://model.core.cargavirtual.americacg.com">0</caracteristicaTelefono><cat xmlns="http://model.core.cargavirtual.americacg.com" xsi:nil="true"/><descEstadoTransaccion xmlns="http://model.core.cargavirtual.americacg.com">Aprobada. idTransaccionOperador: (1-62552). idTransaccionProveedor: (30032516044990). Celular: 77481162</descEstadoTransaccion><descripcionProducto xmlns="http://model.core.cargavirtual.americacg.com">Claro UY</descripcionProducto><encabezado xmlns="http://model.core.cargavirtual.americacg.com" xsi:nil="true"/><error xmlns="http://model.core.cargavirtual.americacg.com"><codigoError xsi:nil="true"/><hayError>false</hayError><msgError xsi:nil="true"/></error><fecha xmlns="http://model.core.cargavirtual.americacg.com">2025-03-30T16:04:37.908-03:00</fecha><finTicket xmlns="http://model.core.cargavirtual.americacg.com" xsi:nil="true"/><idCliente xmlns="http://model.core.cargavirtual.americacg.com">10534</idCliente><idEstadoTransaccion xmlns="http://model.core.cargavirtual.americacg.com">M0000</idEstadoTransaccion><idLlotePin xmlns="http://model.core.cargavirtual.americacg.com" xsi:nil="true"/><idProducto xmlns="http://model.core.cargavirtual.americacg.com">80</idProducto><idTransaccion xmlns="http://model.core.cargavirtual.americacg.com">62552</idTransaccion><importe xmlns="http://model.core.cargavirtual.americacg.com">500.0</importe><importeDestino xmlns="http://model.core.cargavirtual.americacg.com">500.0</importeDestino><instrucciones xmlns="http://model.core.cargavirtual.americacg.com" xsi:nil="true"/><moneda xmlns="http://model.core.cargavirtual.americacg.com">UYU</moneda><monedaDestino xmlns="http://model.core.cargavirtual.americacg.com">ARS</monedaDestino><numeroTelefono xmlns="http://model.core.cargavirtual.americacg.com">0</numeroTelefono><pie1 xmlns="http://model.core.cargavirtual.americacg.com" xsi:nil="true"/><pie2 xmlns="http://model.core.cargavirtual.americacg.com" xsi:nil="true"/><pie3 xmlns="http://model.core.cargavirtual.americacg.com" xsi:nil="true"/><pie4 xmlns="http://model.core.cargavirtual.americacg.com" xsi:nil="true"/><pin xmlns="http://model.core.cargavirtual.americacg.com" xsi:nil="true"/><razonSocialCliente xmlns="http://model.core.cargavirtual.americacg.com">MicroPagos UY</razonSocialCliente><saldoDisponibleDelCliente xmlns="http://model.core.cargavirtual.americacg.com">996200.0</saldoDisponibleDelCliente><serie xmlns="http://model.core.cargavirtual.americacg.com" xsi:nil="true"/><tipoOperacion xmlns="http://model.core.cargavirtual.americacg.com">ON</tipoOperacion><usuario xmlns="http://model.core.cargavirtual.americacg.com">mpagosuy</usuario><vigenciaPin xmlns="http://model.core.cargavirtual.americacg.com" xsi:nil="true"/></ns1:out></ns1:realizarVenta2Response></soap:Body></soap:Envelope>
[2025-03-30 14:04:39.528] [recharge-gateway] [client] [info] [9824bcb5b810] RESPONSE BODY DESPUES: {{http://schemas.xmlsoap.org/soap/envelope/ Envelope} {{{0 Aprobada. idTransaccionOperador: (1-62552). idTransaccionProveedor: (30032516044990). Celular: 77481162 Claro UY { false } 2025-03-30T16:04:37.908-03:00 10534 M0000 80 62552 500.0 500.0 UYU ARS 0 MicroPagos UY ON mpagosuy}}}}
[2025-03-30 14:04:39.529] [recharge-gateway] [middleware] [info] [9824bcb5b810] Request took 1.3720609s
