[2025-03-30 12:09:25.371] [recharge-gateway] [middleware] [info] [767f01ae9009] New petition received
[2025-03-30 12:09:25.372] [recharge-gateway] [middleware] [trace] [767f01ae9009] url: /rechargeMobile?line=77481162&amount=600&transactionId=62548&transactionIdClient=test30, method: POST
[2025-03-30 12:09:25.372] [recharge-gateway] [handler] [info] [767f01ae9009] startint to recharge account
[2025-03-30 12:09:25.372] [recharge-gateway] [handler] [trace] [767f01ae9009] starting to get the body of the petition
[2025-03-30 12:09:25.372] [recharge-gateway] [handler] [error] [767f01ae9009] error reading the body of the petition err: unexpected end of JSON input
[2025-03-30 12:09:25.372] [recharge-gateway] [middleware] [info] [767f01ae9009] Request took 0s
[2025-03-30 12:09:27.869] [recharge-gateway] [middleware] [info] [975cd245cea3] New petition received
[2025-03-30 12:09:27.870] [recharge-gateway] [middleware] [trace] [975cd245cea3] url: /rechargeMobile?line=77481162&amount=600&transactionId=62548&transactionIdClient=test30, method: POST
[2025-03-30 12:09:27.870] [recharge-gateway] [handler] [info] [975cd245cea3] startint to recharge account
[2025-03-30 12:09:27.870] [recharge-gateway] [handler] [trace] [975cd245cea3] starting to get the body of the petition
[2025-03-30 12:09:27.870] [recharge-gateway] [handler] [error] [975cd245cea3] error reading the body of the petition err: unexpected end of JSON input
[2025-03-30 12:09:27.870] [recharge-gateway] [middleware] [info] [975cd245cea3] Request took 0s
[2025-03-30 12:09:31.274] [recharge-gateway] [middleware] [info] [291c613af788] New petition received
[2025-03-30 12:09:31.274] [recharge-gateway] [middleware] [trace] [291c613af788] url: /rechargeMobile?line=77481162&amount=600&transactionId=62548&transactionIdClient=test30, method: GET
[2025-03-30 12:09:31.274] [recharge-gateway] [handler] [error] [291c613af788] Route  not found: url: /rechargeMobile?line=77481162&amount=600&transactionId=62548&transactionIdClient=test30, method: GET
[2025-03-30 12:09:31.274] [recharge-gateway] [middleware] [info] [291c613af788] Request took 0s
[2025-03-30 12:09:32.186] [recharge-gateway] [middleware] [info] [b37f9a99398c] New petition received
[2025-03-30 12:09:32.186] [recharge-gateway] [middleware] [trace] [b37f9a99398c] url: /rechargeMobile?line=77481162&amount=600&transactionId=62548&transactionIdClient=test30, method: GET
[2025-03-30 12:09:32.186] [recharge-gateway] [handler] [error] [b37f9a99398c] Route  not found: url: /rechargeMobile?line=77481162&amount=600&transactionId=62548&transactionIdClient=test30, method: GET
[2025-03-30 12:09:32.186] [recharge-gateway] [middleware] [info] [b37f9a99398c] Request took 0s
[2025-03-30 12:09:33.452] [recharge-gateway] [middleware] [info] [237e6055705e] New petition received
[2025-03-30 12:09:33.452] [recharge-gateway] [middleware] [trace] [237e6055705e] url: /rechargeMobile?line=77481162&amount=600&transactionId=62548&transactionIdClient=test30, method: GET
[2025-03-30 12:09:33.452] [recharge-gateway] [handler] [error] [237e6055705e] Route  not found: url: /rechargeMobile?line=77481162&amount=600&transactionId=62548&transactionIdClient=test30, method: GET
[2025-03-30 12:09:33.452] [recharge-gateway] [middleware] [info] [237e6055705e] Request took 0s
[2025-03-30 12:09:48.821] [recharge-gateway] [main] [info] [] closing micropagos message gateway version 1.0.0, received shutdown signal: interrupt,
[2025-03-30 12:10:22.755] [recharge-gateway] [middleware] [info] [ceed2ed00c38] New petition received
[2025-03-30 12:10:22.755] [recharge-gateway] [middleware] [trace] [ceed2ed00c38] url: /searchTransaction?line=77481162&amount=600&transactionId=62548&transactionIdClient=test30, method: GET
[2025-03-30 12:10:22.755] [recharge-gateway] [handler] [error] [ceed2ed00c38] Route  not found: url: /searchTransaction?line=77481162&amount=600&transactionId=62548&transactionIdClient=test30, method: GET
[2025-03-30 12:10:22.755] [recharge-gateway] [middleware] [info] [ceed2ed00c38] Request took 0s
[2025-03-30 12:13:58.996] [recharge-gateway] [main] [info] [] closing micropagos message gateway version 1.0.0, received shutdown signal: interrupt,
[2025-03-30 12:14:32.737] [recharge-gateway] [middleware] [info] [604cd0dbc502] New petition received
[2025-03-30 12:14:32.737] [recharge-gateway] [middleware] [trace] [604cd0dbc502] url: /searchTransaction?line=77481162&amount=600&transactionId=62548&transactionIdClient=test30, method: GET
[2025-03-30 12:14:32.737] [recharge-gateway] [handler] [info] [604cd0dbc502] startint to SearchTransaction
[2025-03-30 12:14:32.737] [recharge-gateway] [handler] [trace] [604cd0dbc502] starting to get the body of the petition
[2025-03-30 12:14:32.737] [recharge-gateway] [handler] [trace] [604cd0dbc502] params in the petition: {   }
[2025-03-30 12:14:32.737] [recharge-gateway] [handler] [error] [604cd0dbc502] Mobile did not match in the regex expression
[2025-03-30 12:14:32.738] [recharge-gateway] [handler] [error] [604cd0dbc502] error in the function checkRequestSearchTransaction() err: mobile did not match in the regex expression regex.MatchString()
[2025-03-30 12:14:32.738] [recharge-gateway] [middleware] [info] [604cd0dbc502] Request took 574.7µs
[2025-03-30 12:15:58.656] [recharge-gateway] [main] [info] [] closing micropagos message gateway version 1.0.0, received shutdown signal: interrupt,
[2025-03-30 12:16:43.442] [recharge-gateway] [middleware] [info] [30fd0dce7bff] New petition received
[2025-03-30 12:16:43.442] [recharge-gateway] [middleware] [trace] [30fd0dce7bff] url: /searchTransaction?line=77481162&amount=600&transactionId=62548&transactionIdClient=test30, method: GET
[2025-03-30 12:16:43.442] [recharge-gateway] [handler] [info] [30fd0dce7bff] startint to SearchTransaction
[2025-03-30 12:16:43.442] [recharge-gateway] [handler] [trace] [30fd0dce7bff] starting to get the params of the petition
[2025-03-30 12:16:43.442] [recharge-gateway] [handler] [trace] [30fd0dce7bff] params in the petition: {77481162 600 62548 test30}
[2025-03-30 12:16:43.442] [recharge-gateway] [handler] [trace] [30fd0dce7bff] value match with the regex expression
[2025-03-30 12:16:43.442] [recharge-gateway] [handler] [trace] [30fd0dce7bff] amount check pass
[2025-03-30 12:16:43.442] [recharge-gateway] [handler] [trace] [30fd0dce7bff] transaction id check pass
[2025-03-30 12:16:43.442] [recharge-gateway] [client] [info] [30fd0dce7bff] starting to prepare the call to 'CONSULTAR TRANSACCION' whit the number: 77481162, and amount, 600
[2025-03-30 12:16:43.452] [recharge-gateway] [client] [trace] [30fd0dce7bff] petition http created
[2025-03-30 12:16:43.452] [recharge-gateway] [client] [info] [30fd0dce7bff] Final url : http://americacg.dyndns.org/TEST1_CargaVirtualCore/services/CoreService
[2025-03-30 12:16:43.452] [recharge-gateway] [client] [info] [30fd0dce7bff] Final BODY: <soapenv:Envelope xmlns:soapenv="http://schemas.xmlsoap.org/soap/envelope/" xmlns:q0="http://service.core.cargavirtual.americacg.com" xmlns:xsd="http://www.w3.org/2001/XMLSchema" xmlns:xsi="http://www.w3.org/2001/XMLSchema-instance">\n	<soapenv:Header></soapenv:Header>\n	<soapenv:Body>\n		<consultarTransaccion2>\n			<idMayorista>1</idMayorista>\n			<idCliente>10534</idCliente>\n			<usuario>mpagosuy</usuario>\n			<idUsuario></idUsuario>\n			<clave>abc123456</clave>\n			<fechaCliente>2025-03-30T14:16:43.452-03:00</fechaCliente>\n			<idTransaccion>62548</idTransaccion>\n			<idTransaccionCliente>test30</idTransaccionCliente>\n			<idProducto>80</idProducto>\n			<importe>600</importe>\n			<caracteristicaTelefono>0</caracteristicaTelefono>\n			<numeroTelefono>77481162</numeroTelefono>\n			<certificado></certificado>\n			<ultimaTransaccion>false</ultimaTransaccion>\n		</consultarTransaccion2>\n	</soapenv:Body>\n</soapenv:Envelope>
[2025-03-30 12:16:46.427] [recharge-gateway] [client] [info] [30fd0dce7bff] Request to 'CONSULTAR TRANSACCION' took 2.9744063s
[2025-03-30 12:16:46.427] [recharge-gateway] [client] [error] [30fd0dce7bff] error due to non-200 status code: received non-200 status code: 500
[2025-03-30 12:16:46.427] [recharge-gateway] [client] [error] [30fd0dce7bff] error when we try to call 'CONSULTAR TRANSACCION'()
[2025-03-30 12:16:46.427] [recharge-gateway] [handler] [error] [30fd0dce7bff] error triyin to cole ConsultarTransaccion() err:received non-200 status code: 500
[2025-03-30 12:16:46.427] [recharge-gateway] [middleware] [info] [30fd0dce7bff] Request took 2.9856314s
[2025-03-30 12:18:17.526] [recharge-gateway] [middleware] [info] [dac78a308218] New petition received
[2025-03-30 12:18:17.526] [recharge-gateway] [middleware] [trace] [dac78a308218] url: /searchTransaction?line=77481162&amount=600&transactionId=62548&transactionIdClient=test30, method: GET
[2025-03-30 12:18:17.526] [recharge-gateway] [handler] [info] [dac78a308218] startint to SearchTransaction
[2025-03-30 12:18:17.526] [recharge-gateway] [handler] [trace] [dac78a308218] starting to get the params of the petition
[2025-03-30 12:18:17.526] [recharge-gateway] [handler] [trace] [dac78a308218] params in the petition: {77481162 600 62548 test30}
[2025-03-30 12:18:17.526] [recharge-gateway] [handler] [trace] [dac78a308218] value match with the regex expression
[2025-03-30 12:18:17.527] [recharge-gateway] [handler] [trace] [dac78a308218] amount check pass
[2025-03-30 12:18:17.527] [recharge-gateway] [handler] [trace] [dac78a308218] transaction id check pass
[2025-03-30 12:18:17.527] [recharge-gateway] [client] [info] [dac78a308218] starting to prepare the call to 'CONSULTAR TRANSACCION' whit the number: 77481162, and amount, 600
[2025-03-30 12:18:17.529] [recharge-gateway] [client] [trace] [dac78a308218] petition http created
[2025-03-30 12:18:17.530] [recharge-gateway] [client] [info] [dac78a308218] Final url : http://americacg.dyndns.org/TEST1_CargaVirtualCore/services/CoreService
[2025-03-30 12:18:17.530] [recharge-gateway] [client] [info] [dac78a308218] Final BODY: <soapenv:Envelope xmlns:soapenv="http://schemas.xmlsoap.org/soap/envelope/" xmlns:q0="http://service.core.cargavirtual.americacg.com" xmlns:xsd="http://www.w3.org/2001/XMLSchema" xmlns:xsi="http://www.w3.org/2001/XMLSchema-instance">\n	<soapenv:Header></soapenv:Header>\n	<soapenv:Body>\n		<consultarTransaccion2>\n			<idMayorista>1</idMayorista>\n			<idCliente>10534</idCliente>\n			<usuario>mpagosuy</usuario>\n			<idUsuario></idUsuario>\n			<clave>abc123456</clave>\n			<fechaCliente>2025-03-30T14:18:17.529-03:00</fechaCliente>\n			<idTransaccion>62548</idTransaccion>\n			<idTransaccionCliente>test30</idTransaccionCliente>\n			<idProducto>80</idProducto>\n			<importe>600</importe>\n			<caracteristicaTelefono>0</caracteristicaTelefono>\n			<numeroTelefono>77481162</numeroTelefono>\n			<certificado></certificado>\n			<ultimaTransaccion>false</ultimaTransaccion>\n		</consultarTransaccion2>\n	</soapenv:Body>\n</soapenv:Envelope>
[2025-03-30 12:18:18.126] [recharge-gateway] [client] [info] [dac78a308218] Request to 'CONSULTAR TRANSACCION' took 596.6098ms
[2025-03-30 12:18:18.126] [recharge-gateway] [client] [error] [dac78a308218] error due to non-200 status code: received non-200 status code: 500
[2025-03-30 12:18:18.126] [recharge-gateway] [client] [error] [dac78a308218] error when we try to call 'CONSULTAR TRANSACCION'()
[2025-03-30 12:18:18.126] [recharge-gateway] [handler] [error] [dac78a308218] error triyin to cole ConsultarTransaccion() err:received non-200 status code: 500
[2025-03-30 12:18:18.126] [recharge-gateway] [middleware] [info] [dac78a308218] Request took 600.2966ms
[2025-03-30 12:18:19.214] [recharge-gateway] [middleware] [info] [e6d1b2690658] New petition received
[2025-03-30 12:18:19.214] [recharge-gateway] [middleware] [trace] [e6d1b2690658] url: /searchTransaction?line=77481162&amount=600&transactionId=62548&transactionIdClient=test30, method: GET
[2025-03-30 12:18:19.214] [recharge-gateway] [handler] [info] [e6d1b2690658] startint to SearchTransaction
[2025-03-30 12:18:19.214] [recharge-gateway] [handler] [trace] [e6d1b2690658] starting to get the params of the petition
[2025-03-30 12:18:19.214] [recharge-gateway] [handler] [trace] [e6d1b2690658] params in the petition: {77481162 600 62548 test30}
[2025-03-30 12:18:19.214] [recharge-gateway] [handler] [trace] [e6d1b2690658] value match with the regex expression
[2025-03-30 12:18:19.214] [recharge-gateway] [handler] [trace] [e6d1b2690658] amount check pass
[2025-03-30 12:18:19.214] [recharge-gateway] [handler] [trace] [e6d1b2690658] transaction id check pass
[2025-03-30 12:18:19.214] [recharge-gateway] [client] [info] [e6d1b2690658] starting to prepare the call to 'CONSULTAR TRANSACCION' whit the number: 77481162, and amount, 600
[2025-03-30 12:18:19.216] [recharge-gateway] [client] [trace] [e6d1b2690658] petition http created
[2025-03-30 12:18:19.216] [recharge-gateway] [client] [info] [e6d1b2690658] Final url : http://americacg.dyndns.org/TEST1_CargaVirtualCore/services/CoreService
[2025-03-30 12:18:19.216] [recharge-gateway] [client] [info] [e6d1b2690658] Final BODY: <soapenv:Envelope xmlns:soapenv="http://schemas.xmlsoap.org/soap/envelope/" xmlns:q0="http://service.core.cargavirtual.americacg.com" xmlns:xsd="http://www.w3.org/2001/XMLSchema" xmlns:xsi="http://www.w3.org/2001/XMLSchema-instance">\n	<soapenv:Header></soapenv:Header>\n	<soapenv:Body>\n		<consultarTransaccion2>\n			<idMayorista>1</idMayorista>\n			<idCliente>10534</idCliente>\n			<usuario>mpagosuy</usuario>\n			<idUsuario></idUsuario>\n			<clave>abc123456</clave>\n			<fechaCliente>2025-03-30T14:18:19.216-03:00</fechaCliente>\n			<idTransaccion>62548</idTransaccion>\n			<idTransaccionCliente>test30</idTransaccionCliente>\n			<idProducto>80</idProducto>\n			<importe>600</importe>\n			<caracteristicaTelefono>0</caracteristicaTelefono>\n			<numeroTelefono>77481162</numeroTelefono>\n			<certificado></certificado>\n			<ultimaTransaccion>false</ultimaTransaccion>\n		</consultarTransaccion2>\n	</soapenv:Body>\n</soapenv:Envelope>
[2025-03-30 12:18:19.610] [recharge-gateway] [client] [info] [e6d1b2690658] Request to 'CONSULTAR TRANSACCION' took 394.5543ms
[2025-03-30 12:18:19.610] [recharge-gateway] [client] [error] [e6d1b2690658] error due to non-200 status code: received non-200 status code: 500
[2025-03-30 12:18:19.610] [recharge-gateway] [client] [error] [e6d1b2690658] error when we try to call 'CONSULTAR TRANSACCION'()
[2025-03-30 12:18:19.610] [recharge-gateway] [handler] [error] [e6d1b2690658] error triyin to cole ConsultarTransaccion() err:received non-200 status code: 500
[2025-03-30 12:18:19.611] [recharge-gateway] [middleware] [info] [e6d1b2690658] Request took 397.0945ms
[2025-03-30 12:19:12.042] [recharge-gateway] [main] [info] [] closing micropagos message gateway version 1.0.0, received shutdown signal: interrupt,
[2025-03-30 12:19:45.099] [recharge-gateway] [middleware] [info] [0edb76d3ace9] New petition received
[2025-03-30 12:19:45.099] [recharge-gateway] [middleware] [trace] [0edb76d3ace9] url: /searchTransaction?line=77481162&amount=600&transactionId=62548&transactionIdClient=test30, method: GET
[2025-03-30 12:19:45.100] [recharge-gateway] [handler] [info] [0edb76d3ace9] startint to SearchTransaction
[2025-03-30 12:19:45.100] [recharge-gateway] [handler] [trace] [0edb76d3ace9] starting to get the params of the petition
[2025-03-30 12:19:45.100] [recharge-gateway] [handler] [trace] [0edb76d3ace9] params in the petition: {77481162 600 62548 test30}
[2025-03-30 12:19:45.100] [recharge-gateway] [handler] [trace] [0edb76d3ace9] value match with the regex expression
[2025-03-30 12:19:45.100] [recharge-gateway] [handler] [trace] [0edb76d3ace9] amount check pass
[2025-03-30 12:19:45.100] [recharge-gateway] [handler] [trace] [0edb76d3ace9] transaction id check pass
[2025-03-30 12:19:45.100] [recharge-gateway] [client] [info] [0edb76d3ace9] starting to prepare the call to 'CONSULTAR TRANSACCION' whit the number: 77481162, and amount, 600
[2025-03-30 12:19:45.105] [recharge-gateway] [client] [trace] [0edb76d3ace9] petition http created
[2025-03-30 12:19:45.105] [recharge-gateway] [client] [info] [0edb76d3ace9] Final url : http://americacg.dyndns.org/TEST1_CargaVirtualCore/services/CoreService
[2025-03-30 12:19:45.105] [recharge-gateway] [client] [info] [0edb76d3ace9] Final BODY: <soapenv:Envelope xmlns:soapenv="http://schemas.xmlsoap.org/soap/envelope/" xmlns:q0="http://service.core.cargavirtual.americacg.com" xmlns:xsd="http://www.w3.org/2001/XMLSchema" xmlns:xsi="http://www.w3.org/2001/XMLSchema-instance">\n	<soapenv:Header></soapenv:Header>\n	<soapenv:Body>\n		<consultarTransaccion2>\n			<idMayorista>1</idMayorista>\n			<idCliente>10534</idCliente>\n			<idUsuario></idUsuario>\n			<clave>abc123456</clave>\n			<fechaCliente>2025-03-30T14:19:45.105-03:00</fechaCliente>\n			<idTransaccion>62548</idTransaccion>\n			<idTransaccionCliente>test30</idTransaccionCliente>\n			<idProducto>80</idProducto>\n			<importe>600</importe>\n			<caracteristicaTelefono>0</caracteristicaTelefono>\n			<numeroTelefono>77481162</numeroTelefono>\n			<certificado></certificado>\n			<usuario>mpagosuy</usuario>\n			<ultimaTransaccion>false</ultimaTransaccion>\n		</consultarTransaccion2>\n	</soapenv:Body>\n</soapenv:Envelope>
[2025-03-30 12:19:45.770] [recharge-gateway] [client] [info] [0edb76d3ace9] Request to 'CONSULTAR TRANSACCION' took 665.026ms
[2025-03-30 12:19:45.770] [recharge-gateway] [client] [error] [0edb76d3ace9] error due to non-200 status code: received non-200 status code: 500
[2025-03-30 12:19:45.770] [recharge-gateway] [client] [error] [0edb76d3ace9] error when we try to call 'CONSULTAR TRANSACCION'()
[2025-03-30 12:19:45.771] [recharge-gateway] [handler] [error] [0edb76d3ace9] error triyin to cole ConsultarTransaccion() err:received non-200 status code: 500
[2025-03-30 12:19:45.771] [recharge-gateway] [middleware] [info] [0edb76d3ace9] Request took 671.5646ms
[2025-03-30 12:24:05.654] [recharge-gateway] [main] [info] [] closing micropagos message gateway version 1.0.0, received shutdown signal: interrupt,
[2025-03-30 12:25:10.803] [recharge-gateway] [middleware] [info] [229d87df001a] New petition received
[2025-03-30 12:25:10.803] [recharge-gateway] [middleware] [trace] [229d87df001a] url: /searchTransaction?line=77481162&amount=600&transactionId=62548&transactionIdClient=test30, method: GET
[2025-03-30 12:25:10.803] [recharge-gateway] [handler] [info] [229d87df001a] startint to SearchTransaction
[2025-03-30 12:25:10.803] [recharge-gateway] [handler] [trace] [229d87df001a] starting to get the params of the petition
[2025-03-30 12:25:10.803] [recharge-gateway] [handler] [trace] [229d87df001a] params in the petition: {77481162 600 62548 test30}
[2025-03-30 12:25:10.803] [recharge-gateway] [handler] [trace] [229d87df001a] value match with the regex expression
[2025-03-30 12:25:10.803] [recharge-gateway] [handler] [trace] [229d87df001a] amount check pass
[2025-03-30 12:25:10.803] [recharge-gateway] [handler] [trace] [229d87df001a] transaction id check pass
[2025-03-30 12:25:10.803] [recharge-gateway] [client] [info] [229d87df001a] starting to prepare the call to 'CONSULTAR TRANSACCION' whit the number: 77481162, and amount, 600
[2025-03-30 12:25:10.814] [recharge-gateway] [client] [trace] [229d87df001a] petition http created
[2025-03-30 12:25:10.814] [recharge-gateway] [client] [info] [229d87df001a] Final url : http://americacg.dyndns.org/TEST1_CargaVirtualCore/services/CoreService
[2025-03-30 12:25:10.814] [recharge-gateway] [client] [info] [229d87df001a] Final BODY: <soapenv:Envelope xmlns:soapenv="http://schemas.xmlsoap.org/soap/envelope/" xmlns:q0="http://service.core.cargavirtual.americacg.com" xmlns:xsd="http://www.w3.org/2001/XMLSchema" xmlns:xsi="http://www.w3.org/2001/XMLSchema-instance">\n	<soapenv:Header></soapenv:Header>\n	<soapenv:Body>\n		<consultarTransaccion2>\n			<idMayorista>1</idMayorista>\n			<idCliente>10534</idCliente>\n			<idUsuario></idUsuario>\n			<clave>abc123456</clave>\n			<fechaCliente>2025-03-30T14:25:10.814-03:00</fechaCliente>\n			<idTransaccion>62548</idTransaccion>\n			<idTransaccionCliente>test30</idTransaccionCliente>\n			<idProducto>80</idProducto>\n			<importe>600</importe>\n			<caracteristicaTelefono>0</caracteristicaTelefono>\n			<numeroTelefono>77481162</numeroTelefono>\n			<certificado></certificado>\n			<usuario>mpagosuy</usuario>\n			<ultimaTransaccion>false</ultimaTransaccion>\n		</consultarTransaccion2>\n	</soapenv:Body>\n</soapenv:Envelope>
[2025-03-30 12:25:11.427] [recharge-gateway] [client] [info] [229d87df001a] Request to 'CONSULTAR TRANSACCION' took 613.2266ms
[2025-03-30 12:25:11.427] [recharge-gateway] [client] [error] [229d87df001a] error due to non-200 status code: received non-200 status code: 500
[2025-03-30 12:25:11.427] [recharge-gateway] [client] [error] [229d87df001a] error when we try to call 'CONSULTAR TRANSACCION'()
[2025-03-30 12:25:11.427] [recharge-gateway] [handler] [error] [229d87df001a] error triyin to cole ConsultarTransaccion() err:received non-200 status code: 500
[2025-03-30 12:25:11.428] [recharge-gateway] [middleware] [info] [229d87df001a] Request took 625.3302ms
[2025-03-30 12:25:30.674] [recharge-gateway] [main] [info] [] closing micropagos message gateway version 1.0.0, received shutdown signal: interrupt,
[2025-03-30 12:28:00.530] [recharge-gateway] [middleware] [info] [50af87c0bfde] New petition received
[2025-03-30 12:28:00.531] [recharge-gateway] [middleware] [trace] [50af87c0bfde] url: /searchTransaction?line=77481162&amount=600&transactionId=62548&transactionIdClient=test30, method: GET
[2025-03-30 12:28:00.531] [recharge-gateway] [handler] [info] [50af87c0bfde] startint to SearchTransaction
[2025-03-30 12:28:00.531] [recharge-gateway] [handler] [trace] [50af87c0bfde] starting to get the params of the petition
[2025-03-30 12:28:00.531] [recharge-gateway] [handler] [trace] [50af87c0bfde] params in the petition: {77481162 600 62548 test30}
[2025-03-30 12:28:00.531] [recharge-gateway] [handler] [trace] [50af87c0bfde] value match with the regex expression
[2025-03-30 12:28:00.531] [recharge-gateway] [handler] [trace] [50af87c0bfde] amount check pass
[2025-03-30 12:28:00.531] [recharge-gateway] [handler] [trace] [50af87c0bfde] transaction id check pass
[2025-03-30 12:28:00.531] [recharge-gateway] [client] [info] [50af87c0bfde] starting to prepare the call to 'CONSULTAR TRANSACCION' whit the number: 77481162, and amount, 600
[2025-03-30 12:28:00.538] [recharge-gateway] [client] [trace] [50af87c0bfde] petition http created
[2025-03-30 12:28:00.538] [recharge-gateway] [client] [info] [50af87c0bfde] Final url : http://americacg.dyndns.org/TEST1_CargaVirtualCore/services/CoreService
[2025-03-30 12:28:00.538] [recharge-gateway] [client] [info] [50af87c0bfde] Final BODY: <soapenv:Envelope xmlns:soapenv="http://schemas.xmlsoap.org/soap/envelope/" xmlns:q0="http://service.core.cargavirtual.americacg.com" xmlns:xsd="http://www.w3.org/2001/XMLSchema" xmlns:xsi="http://www.w3.org/2001/XMLSchema-instance">\n	<soapenv:Header></soapenv:Header>\n	<soapenv:Body>\n		<consultarTransaccion2>\n			<idMayorista>1</idMayorista>\n			<idCliente>10534</idCliente>\n			<idUsuario>0</idUsuario>\n			<clave>abc123456</clave>\n			<fechaCliente>2025-03-30T14:28:00.538-03:00</fechaCliente>\n			<idTransaccion>62548</idTransaccion>\n			<idTransaccionCliente>test30</idTransaccionCliente>\n			<idProducto>80</idProducto>\n			<importe>600</importe>\n			<caracteristicaTelefono>0</caracteristicaTelefono>\n			<numeroTelefono>77481162</numeroTelefono>\n			<certificado></certificado>\n			<usuario>mpagosuy</usuario>\n			<ultimaTransaccion>false</ultimaTransaccion>\n		</consultarTransaccion2>\n	</soapenv:Body>\n</soapenv:Envelope>
[2025-03-30 12:28:01.171] [recharge-gateway] [client] [info] [50af87c0bfde] Request to 'CONSULTAR TRANSACCION' took 632.3947ms
[2025-03-30 12:28:01.171] [recharge-gateway] [client] [info] [50af87c0bfde] HTTP Status Response: 200
[2025-03-30 12:28:01.171] [recharge-gateway] [client] [info] [50af87c0bfde] RESPONSE BODY: <soap:Envelope xmlns:soap="http://schemas.xmlsoap.org/soap/envelope/" xmlns:xsd="http://www.w3.org/2001/XMLSchema" xmlns:xsi="http://www.w3.org/2001/XMLSchema-instance"><soap:Body><ns1:consultarTransaccion2Response xmlns:ns1="http://service.core.cargavirtual.americacg.com"><ns1:out><callcenter1 xmlns="http://model.core.cargavirtual.americacg.com" xsi:nil="true"/><callcenter2 xmlns="http://model.core.cargavirtual.americacg.com" xsi:nil="true"/><caracteristicaTelefono xmlns="http://model.core.cargavirtual.americacg.com">0</caracteristicaTelefono><cat xmlns="http://model.core.cargavirtual.americacg.com" xsi:nil="true"/><descEstadoTransaccion xmlns="http://model.core.cargavirtual.americacg.com">Aprobada. idTransaccionOperador: (1-62548). idTransaccionProveedor: (30032511404986). Celular: 77481162</descEstadoTransaccion><descripcionProducto xmlns="http://model.core.cargavirtual.americacg.com">Claro UY</descripcionProducto><encabezado xmlns="http://model.core.cargavirtual.americacg.com" xsi:nil="true"/><error xmlns="http://model.core.cargavirtual.americacg.com"><codigoError xsi:nil="true"/><hayError>false</hayError><msgError xsi:nil="true"/></error><fecha xmlns="http://model.core.cargavirtual.americacg.com">2025-03-30T11:40:04-03:00</fecha><finTicket xmlns="http://model.core.cargavirtual.americacg.com" xsi:nil="true"/><idCliente xmlns="http://model.core.cargavirtual.americacg.com">10534</idCliente><idEstadoTransaccion xmlns="http://model.core.cargavirtual.americacg.com">M0000</idEstadoTransaccion><idLlotePin xmlns="http://model.core.cargavirtual.americacg.com" xsi:nil="true"/><idProducto xmlns="http://model.core.cargavirtual.americacg.com">80</idProducto><idTransaccion xmlns="http://model.core.cargavirtual.americacg.com">62548</idTransaccion><importe xmlns="http://model.core.cargavirtual.americacg.com">600.0</importe><importeDestino xmlns="http://model.core.cargavirtual.americacg.com">600.0</importeDestino><instrucciones xmlns="http://model.core.cargavirtual.americacg.com" xsi:nil="true"/><moneda xmlns="http://model.core.cargavirtual.americacg.com">UYU</moneda><monedaDestino xmlns="http://model.core.cargavirtual.americacg.com">ARS</monedaDestino><numeroTelefono xmlns="http://model.core.cargavirtual.americacg.com">0</numeroTelefono><pie1 xmlns="http://model.core.cargavirtual.americacg.com" xsi:nil="true"/><pie2 xmlns="http://model.core.cargavirtual.americacg.com" xsi:nil="true"/><pie3 xmlns="http://model.core.cargavirtual.americacg.com" xsi:nil="true"/><pie4 xmlns="http://model.core.cargavirtual.americacg.com"></pie4><pin xmlns="http://model.core.cargavirtual.americacg.com" xsi:nil="true"/><razonSocialCliente xmlns="http://model.core.cargavirtual.americacg.com">MicroPagos UY</razonSocialCliente><saldoDisponibleDelCliente xmlns="http://model.core.cargavirtual.americacg.com">0.0</saldoDisponibleDelCliente><serie xmlns="http://model.core.cargavirtual.americacg.com" xsi:nil="true"/><tipoOperacion xmlns="http://model.core.cargavirtual.americacg.com">ON</tipoOperacion><usuario xmlns="http://model.core.cargavirtual.americacg.com">mpagosuy</usuario><vigenciaPin xmlns="http://model.core.cargavirtual.americacg.com" xsi:nil="true"/></ns1:out></ns1:consultarTransaccion2Response></soap:Body></soap:Envelope>
[2025-03-30 12:28:01.173] [recharge-gateway] [middleware] [info] [50af87c0bfde] Request took 642.1535ms
[2025-03-30 12:33:04.104] [recharge-gateway] [main] [info] [] closing micropagos message gateway version 1.0.0, received shutdown signal: interrupt,
[2025-03-30 12:33:51.312] [recharge-gateway] [middleware] [info] [8a274c7a8f17] New petition received
[2025-03-30 12:33:51.312] [recharge-gateway] [middleware] [trace] [8a274c7a8f17] url: /searchTransaction?line=77481162&amount=600&transactionId=62548&transactionIdClient=test30, method: GET
[2025-03-30 12:33:51.312] [recharge-gateway] [handler] [info] [8a274c7a8f17] startint to SearchTransaction
[2025-03-30 12:33:51.312] [recharge-gateway] [handler] [trace] [8a274c7a8f17] starting to get the params of the petition
[2025-03-30 12:33:51.312] [recharge-gateway] [handler] [trace] [8a274c7a8f17] params in the petition: {77481162 600 62548 test30}
[2025-03-30 12:33:51.312] [recharge-gateway] [handler] [trace] [8a274c7a8f17] value match with the regex expression
[2025-03-30 12:33:51.312] [recharge-gateway] [handler] [trace] [8a274c7a8f17] amount check pass
[2025-03-30 12:33:51.312] [recharge-gateway] [handler] [trace] [8a274c7a8f17] transaction id check pass
[2025-03-30 12:33:51.312] [recharge-gateway] [client] [info] [8a274c7a8f17] starting to prepare the call to 'CONSULTAR TRANSACCION' whit the number: 77481162, and amount, 600
[2025-03-30 12:33:51.319] [recharge-gateway] [client] [trace] [8a274c7a8f17] petition http created
[2025-03-30 12:33:51.319] [recharge-gateway] [client] [info] [8a274c7a8f17] Final url : http://americacg.dyndns.org/TEST1_CargaVirtualCore/services/CoreService
[2025-03-30 12:33:51.320] [recharge-gateway] [client] [info] [8a274c7a8f17] Final BODY: <soapenv:Envelope xmlns:soapenv="http://schemas.xmlsoap.org/soap/envelope/" xmlns:q0="http://service.core.cargavirtual.americacg.com" xmlns:xsd="http://www.w3.org/2001/XMLSchema" xmlns:xsi="http://www.w3.org/2001/XMLSchema-instance">\n	<soapenv:Header></soapenv:Header>\n	<soapenv:Body>\n		<consultarTransaccion2>\n			<idMayorista>1</idMayorista>\n			<idCliente>10534</idCliente>\n			<idUsuario>0</idUsuario>\n			<clave>abc123456</clave>\n			<fechaCliente>2025-03-30T14:33:51.318-03:00</fechaCliente>\n			<idTransaccion>62548</idTransaccion>\n			<idTransaccionCliente>test30</idTransaccionCliente>\n			<idProducto>80</idProducto>\n			<importe>600</importe>\n			<caracteristicaTelefono>0</caracteristicaTelefono>\n			<numeroTelefono>77481162</numeroTelefono>\n			<certificado></certificado>\n			<usuario>mpagosuy</usuario>\n			<ultimaTransaccion>false</ultimaTransaccion>\n		</consultarTransaccion2>\n	</soapenv:Body>\n</soapenv:Envelope>
[2025-03-30 12:33:51.953] [recharge-gateway] [client] [info] [8a274c7a8f17] Request to 'CONSULTAR TRANSACCION' took 633.4014ms
[2025-03-30 12:33:51.953] [recharge-gateway] [client] [info] [8a274c7a8f17] HTTP Status Response: 200
[2025-03-30 12:33:51.953] [recharge-gateway] [client] [info] [8a274c7a8f17] RESPONSE BODY: <soap:Envelope xmlns:soap="http://schemas.xmlsoap.org/soap/envelope/" xmlns:xsd="http://www.w3.org/2001/XMLSchema" xmlns:xsi="http://www.w3.org/2001/XMLSchema-instance"><soap:Body><ns1:consultarTransaccion2Response xmlns:ns1="http://service.core.cargavirtual.americacg.com"><ns1:out><callcenter1 xmlns="http://model.core.cargavirtual.americacg.com" xsi:nil="true"/><callcenter2 xmlns="http://model.core.cargavirtual.americacg.com" xsi:nil="true"/><caracteristicaTelefono xmlns="http://model.core.cargavirtual.americacg.com">0</caracteristicaTelefono><cat xmlns="http://model.core.cargavirtual.americacg.com" xsi:nil="true"/><descEstadoTransaccion xmlns="http://model.core.cargavirtual.americacg.com">Aprobada. idTransaccionOperador: (1-62548). idTransaccionProveedor: (30032511404986). Celular: 77481162</descEstadoTransaccion><descripcionProducto xmlns="http://model.core.cargavirtual.americacg.com">Claro UY</descripcionProducto><encabezado xmlns="http://model.core.cargavirtual.americacg.com" xsi:nil="true"/><error xmlns="http://model.core.cargavirtual.americacg.com"><codigoError xsi:nil="true"/><hayError>false</hayError><msgError xsi:nil="true"/></error><fecha xmlns="http://model.core.cargavirtual.americacg.com">2025-03-30T11:40:04-03:00</fecha><finTicket xmlns="http://model.core.cargavirtual.americacg.com" xsi:nil="true"/><idCliente xmlns="http://model.core.cargavirtual.americacg.com">10534</idCliente><idEstadoTransaccion xmlns="http://model.core.cargavirtual.americacg.com">M0000</idEstadoTransaccion><idLlotePin xmlns="http://model.core.cargavirtual.americacg.com" xsi:nil="true"/><idProducto xmlns="http://model.core.cargavirtual.americacg.com">80</idProducto><idTransaccion xmlns="http://model.core.cargavirtual.americacg.com">62548</idTransaccion><importe xmlns="http://model.core.cargavirtual.americacg.com">600.0</importe><importeDestino xmlns="http://model.core.cargavirtual.americacg.com">600.0</importeDestino><instrucciones xmlns="http://model.core.cargavirtual.americacg.com" xsi:nil="true"/><moneda xmlns="http://model.core.cargavirtual.americacg.com">UYU</moneda><monedaDestino xmlns="http://model.core.cargavirtual.americacg.com">ARS</monedaDestino><numeroTelefono xmlns="http://model.core.cargavirtual.americacg.com">0</numeroTelefono><pie1 xmlns="http://model.core.cargavirtual.americacg.com" xsi:nil="true"/><pie2 xmlns="http://model.core.cargavirtual.americacg.com" xsi:nil="true"/><pie3 xmlns="http://model.core.cargavirtual.americacg.com" xsi:nil="true"/><pie4 xmlns="http://model.core.cargavirtual.americacg.com"></pie4><pin xmlns="http://model.core.cargavirtual.americacg.com" xsi:nil="true"/><razonSocialCliente xmlns="http://model.core.cargavirtual.americacg.com">MicroPagos UY</razonSocialCliente><saldoDisponibleDelCliente xmlns="http://model.core.cargavirtual.americacg.com">0.0</saldoDisponibleDelCliente><serie xmlns="http://model.core.cargavirtual.americacg.com" xsi:nil="true"/><tipoOperacion xmlns="http://model.core.cargavirtual.americacg.com">ON</tipoOperacion><usuario xmlns="http://model.core.cargavirtual.americacg.com">mpagosuy</usuario><vigenciaPin xmlns="http://model.core.cargavirtual.americacg.com" xsi:nil="true"/></ns1:out></ns1:consultarTransaccion2Response></soap:Body></soap:Envelope>
[2025-03-30 12:33:51.954] [recharge-gateway] [middleware] [info] [8a274c7a8f17] Request took 641.4786ms
