[2025-03-30 15:57:32.885] [recharge-gateway] [middleware] [info] [62000c344746] New petition received
[2025-03-30 15:57:32.885] [recharge-gateway] [middleware] [trace] [62000c344746] url: /rechargeMobile, method: POST
[2025-03-30 15:57:32.885] [recharge-gateway] [handler] [info] [62000c344746] startint to recharge account
[2025-03-30 15:57:32.885] [recharge-gateway] [handler] [trace] [62000c344746] starting to get the body of the petition
[2025-03-30 15:57:32.885] [recharge-gateway] [handler] [trace] [62000c344746] Body of the petition: <?xml version="1.0" encoding="UTF-8" standalone="yes"?>
<Reload xmlns="http://192.168.3.11/RcrgMyrst/">
    <Prefix></Prefix>
    <Line>99481162</Line>
    <Amount>500</Amount>
    <IdTRN>text57</IdTRN>
    <Product>0</Product>
    <IdDistributor>2</IdDistributor>
    <IdLocation>2</IdLocation>
    <Password>M1x@0r64UruV1tr4!=</Password>
    <IdPOS>0</IdPOS>
</Reload>
[2025-03-30 15:57:32.888] [recharge-gateway] [handler] [trace] [62000c344746] mobile: 99481162 match with the regex expression:^\d{8}$
[2025-03-30 15:57:32.888] [recharge-gateway] [handler] [trace] [62000c344746] amount:500 check pass
[2025-03-30 15:57:32.888] [recharge-gateway] [handler] [trace] [62000c344746] transaction id:text57 check pass
[2025-03-30 15:57:32.888] [recharge-gateway] [client] [info] [62000c344746] starting to prepare the call to 'REALIZAR VENTA' whit the number: 99481162, and amount 500
[2025-03-30 15:57:32.897] [recharge-gateway] [client] [trace] [62000c344746] petition http created
[2025-03-30 15:57:32.897] [recharge-gateway] [client] [info] [62000c344746] Final url : http://americacg.dyndns.org/TEST1_CargaVirtualCore/services/CoreService
[2025-03-30 15:57:32.897] [recharge-gateway] [client] [info] [62000c344746] Final BODY: <soapenv:Envelope xmlns:soapenv="http://schemas.xmlsoap.org/soap/envelope/" xmlns:q0="http://service.core.cargavirtual.americacg.com" xmlns:xsd="http://www.w3.org/2001/XMLSchema" xmlns:xsi="http://www.w3.org/2001/XMLSchema-instance">\n	<soapenv:Header></soapenv:Header>\n	<soapenv:Body>\n		<q0:realizarVenta2>\n			<idMayorista>1</idMayorista>\n			<idCliente>10534</idCliente>\n			<usuario>mpagosuy</usuario>\n			<clave>abc123456</clave>\n			<fechaCliente>2025-03-30T17:57:32.896-03:00</fechaCliente>\n			<idTransaccionCliente>text57</idTransaccionCliente>\n			<idProducto>80</idProducto>\n			<importe>500</importe>\n			<caracteristicaTelefono>0</caracteristicaTelefono>\n			<numeroTelefono>0</numeroTelefono>\n			<certificado></certificado>\n			<tipoTRX>ON</tipoTRX>\n			<moneda>UYU</moneda>\n			<idClienteExt></idClienteExt>\n			<identifTerminal></identifTerminal>\n			<saldoDeSubeAntesDeRealizarUnaVenta></saldoDeSubeAntesDeRealizarUnaVenta>\n			<telefonoCompletoOTarjeta>99481162</telefonoCompletoOTarjeta>\n			<prodIdentif></prodIdentif>\n			<prodDatosAdic></prodDatosAdic>\n			<modeloDeTerminal></modeloDeTerminal>\n			<imeiDeSIM></imeiDeSIM>\n			<imeiTerminal></imeiTerminal>\n			<saldoDelCliParaInformarAlOperador>0</saldoDelCliParaInformarAlOperador>\n			<idTipoTerminalParaInformarAlOperador>0</idTipoTerminalParaInformarAlOperador>\n			<descTipoTerminalParaInformarAlOperador></descTipoTerminalParaInformarAlOperador>\n			<hashDeSeguridad></hashDeSeguridad>\n			<sube_idDistribuidorRed></sube_idDistribuidorRed>\n			<canal>IA</canal>\n		</q0:realizarVenta2>\n	</soapenv:Body>\n</soapenv:Envelope>
[2025-03-30 15:57:35.768] [recharge-gateway] [client] [info] [62000c344746] Request to 'REALIZAR VENTA' took 2.8710859s
[2025-03-30 15:57:35.768] [recharge-gateway] [client] [info] [62000c344746] HTTP Status Response: 200
[2025-03-30 15:57:35.768] [recharge-gateway] [client] [info] [62000c344746] RESPONSE BODY: <soap:Envelope xmlns:soap="http://schemas.xmlsoap.org/soap/envelope/" xmlns:xsd="http://www.w3.org/2001/XMLSchema" xmlns:xsi="http://www.w3.org/2001/XMLSchema-instance"><soap:Body><ns1:realizarVenta2Response xmlns:ns1="http://service.core.cargavirtual.americacg.com"><ns1:out><callcenter1 xmlns="http://model.core.cargavirtual.americacg.com" xsi:nil="true"/><callcenter2 xmlns="http://model.core.cargavirtual.americacg.com" xsi:nil="true"/><caracteristicaTelefono xmlns="http://model.core.cargavirtual.americacg.com">0</caracteristicaTelefono><cat xmlns="http://model.core.cargavirtual.americacg.com" xsi:nil="true"/><descEstadoTransaccion xmlns="http://model.core.cargavirtual.americacg.com">RechProv. Est:(200 - true - 17017_R - El suscriptor informado no existe, revise los datos ingresados e intente nuevamente. (Cod: 17017_R)). cod Claro: |30032517575012|. Celular: 99481162</descEstadoTransaccion><descripcionProducto xmlns="http://model.core.cargavirtual.americacg.com">Claro UY</descripcionProducto><encabezado xmlns="http://model.core.cargavirtual.americacg.com" xsi:nil="true"/><error xmlns="http://model.core.cargavirtual.americacg.com"><codigoError xsi:nil="true"/><hayError>false</hayError><msgError xsi:nil="true"/></error><fecha xmlns="http://model.core.cargavirtual.americacg.com">2025-03-30T17:57:32.537-03:00</fecha><finTicket xmlns="http://model.core.cargavirtual.americacg.com" xsi:nil="true"/><idCliente xmlns="http://model.core.cargavirtual.americacg.com">10534</idCliente><idEstadoTransaccion xmlns="http://model.core.cargavirtual.americacg.com">M0002</idEstadoTransaccion><idLlotePin xmlns="http://model.core.cargavirtual.americacg.com" xsi:nil="true"/><idProducto xmlns="http://model.core.cargavirtual.americacg.com">80</idProducto><idTransaccion xmlns="http://model.core.cargavirtual.americacg.com">62572</idTransaccion><importe xmlns="http://model.core.cargavirtual.americacg.com">500.0</importe><importeDestino xmlns="http://model.core.cargavirtual.americacg.com">500.0</importeDestino><instrucciones xmlns="http://model.core.cargavirtual.americacg.com" xsi:nil="true"/><moneda xmlns="http://model.core.cargavirtual.americacg.com">UYU</moneda><monedaDestino xmlns="http://model.core.cargavirtual.americacg.com">ARS</monedaDestino><numeroTelefono xmlns="http://model.core.cargavirtual.americacg.com">0</numeroTelefono><pie1 xmlns="http://model.core.cargavirtual.americacg.com" xsi:nil="true"/><pie2 xmlns="http://model.core.cargavirtual.americacg.com" xsi:nil="true"/><pie3 xmlns="http://model.core.cargavirtual.americacg.com" xsi:nil="true"/><pie4 xmlns="http://model.core.cargavirtual.americacg.com" xsi:nil="true"/><pin xmlns="http://model.core.cargavirtual.americacg.com" xsi:nil="true"/><razonSocialCliente xmlns="http://model.core.cargavirtual.americacg.com">MicroPagos UY</razonSocialCliente><saldoDisponibleDelCliente xmlns="http://model.core.cargavirtual.americacg.com" xsi:nil="true"/><serie xmlns="http://model.core.cargavirtual.americacg.com" xsi:nil="true"/><tipoOperacion xmlns="http://model.core.cargavirtual.americacg.com">ON</tipoOperacion><usuario xmlns="http://model.core.cargavirtual.americacg.com">mpagosuy</usuario><vigenciaPin xmlns="http://model.core.cargavirtual.americacg.com" xsi:nil="true"/></ns1:out></ns1:realizarVenta2Response></soap:Body></soap:Envelope>
[2025-03-30 15:57:35.768] [recharge-gateway] [client] [warn] [62000c344746] Subscriber does not exist. Description: RechProv. Est:(200 - true - 17017_R - El suscriptor informado no existe, revise los datos ingresados e intente nuevamente. (Cod: 17017_R)). cod Claro: |30032517575012|. Celular: 99481162
[2025-03-30 15:57:35.768] [recharge-gateway] [handler] [info] [62000c344746] finish Recharge account
[2025-03-30 15:57:35.768] [recharge-gateway] [middleware] [info] [62000c344746] Request took 2.8830223s
